<?xml version="1.0" encoding="UTF-8"?>
<!-- Generated by org.testng.reporters.JUnitReportReporter -->
<testsuite hostname="Bharadwaj-B6DD2G2" failures="0" tests="5" name="com.test.Register" time="50.496" errors="0" timestamp="2023-10-12T11:34:29 IST" skipped="0">
  <testcase classname="com.test.Register" name="RegisterusersTC_001" time="10.553"/>
  <testcase classname="com.test.Register" name="RegisterusersTC_001" time="8.990"/>
  <testcase classname="com.test.Register" name="RegisterusersTC_001" time="8.465"/>
  <testcase classname="com.test.Register" name="RegisterusersTC_001" time="15.359"/>
  <testcase classname="com.test.Register" name="policyerrorTC_002" time="7.129"/>
</testsuite> <!-- com.test.Register -->
