<?xml version="1.0" encoding="UTF-8"?>
<!-- Generated by org.testng.reporters.JUnitReportReporter -->
<testsuite hostname="Bharadwaj-B6DD2G2" failures="0" tests="4" name="com.test.Register" time="125.672" errors="0" timestamp="2023-10-10T11:49:50 IST" skipped="0">
  <testcase classname="com.test.Register" name="RegisterusersTC_001" time="38.841"/>
  <testcase classname="com.test.Register" name="RegisterusersTC_001" time="35.550"/>
  <testcase classname="com.test.Register" name="RegisterusersTC_001" time="6.431"/>
  <testcase classname="com.test.Register" name="RegisterusersTC_001" time="44.850"/>
</testsuite> <!-- com.test.Register -->
