<?xml version="1.0" encoding="UTF-8"?>
<!-- Generated by org.testng.reporters.JUnitReportReporter -->
<testsuite hostname="Bharadwaj-B6DD2G2" failures="0" tests="4" name="com.test.Searchproduct" time="134.689" errors="0" timestamp="2023-10-12T11:34:29 IST" skipped="0">
  <testcase classname="com.test.Searchproduct" name="VerifythesearchproductTC_013" time="6.937"/>
  <testcase classname="com.test.Searchproduct" name="searchproductaddtocartTC_014" time="29.330"/>
  <testcase classname="com.test.Searchproduct" name="searchproductcheckoutTC_015" time="51.236"/>
  <testcase classname="com.test.Searchproduct" name="addtocartTC_016" time="47.186"/>
</testsuite> <!-- com.test.Searchproduct -->
