<?xml version="1.0" encoding="UTF-8"?>
<!-- Generated by org.testng.reporters.JUnitReportReporter -->
<testsuite hostname="Bharadwaj-B6DD2G2" failures="0" tests="4" name="com.test.Login" time="35.786" errors="0" timestamp="2023-10-12T11:34:29 IST" skipped="0">
  <testcase classname="com.test.Login" name="ValidLoginTC_003" time="5.632"/>
  <testcase classname="com.test.Login" name="INValidLoginTC_004" time="7.679"/>
  <testcase classname="com.test.Login" name="LogoutTC_005" time="7.028"/>
  <testcase classname="com.test.Login" name="LogoutTC_006" time="15.447"/>
</testsuite> <!-- com.test.Login -->
