<?xml version="1.0" encoding="UTF-8"?>
<!-- Generated by org.testng.reporters.JUnitReportReporter -->
<testsuite hostname="Bharadwaj-B6DD2G2" failures="0" tests="12" name="com.test.MyAccount" time="127.917" errors="0" timestamp="2023-10-12T11:34:29 IST" skipped="2">
  <testcase classname="com.test.MyAccount" name="ValidLoginTC_003" time="5.919"/>
  <testcase classname="com.test.MyAccount" name="EditprofileTC_007" time="15.117"/>
  <testcase classname="com.test.MyAccount" name="EditprofileTC_008" time="5.364"/>
  <testcase classname="com.test.MyAccount" name="INValidLoginTC_004" time="6.420"/>
  <testcase classname="com.test.MyAccount" name="ChangePasswordTC_009" time="9.592"/>
  <testcase classname="com.test.MyAccount" name="LogoutTC_005" time="6.915"/>
  <testcase classname="com.test.MyAccount" name="LogoutTC_006" time="6.906"/>
  <testcase classname="com.test.MyAccount" name="invalidChangePasswordTC_010" time="6.651"/>
  <testcase classname="com.test.MyAccount" name="AddaddressbookTC_011" time="11.106">
    <skipped/>
  </testcase> <!-- AddaddressbookTC_011 -->
  <testcase classname="com.test.MyAccount" name="AddaddressbookTC_011" time="9.957"/>
  <testcase classname="com.test.MyAccount" name="deletealladressbook_012" time="6.886"/>
  <testcase classname="com.test.MyAccount" name="deletealladressbook_012" time="37.084">
    <skipped/>
  </testcase> <!-- deletealladressbook_012 -->
</testsuite> <!-- com.test.MyAccount -->
