<?xml version="1.0" encoding="UTF-8"?>
<!-- Generated by org.testng.reporters.JUnitReportReporter -->
<testsuite hostname="Bharadwaj-B6DD2G2" failures="0" tests="4" name="com.test.MyAccount" time="15.666" errors="0" timestamp="2023-10-10T11:49:50 IST" skipped="3">
  <testcase classname="com.test.MyAccount" name="Addaddressbook" time="15.666"/>
  <testcase classname="com.test.MyAccount" name="ChangePassword">
    <skipped/>
  </testcase> <!-- ChangePassword -->
  <testcase classname="com.test.MyAccount" name="Editprofile">
    <skipped/>
  </testcase> <!-- Editprofile -->
  <testcase classname="com.test.MyAccount" name="invalidChangePassword">
    <skipped/>
  </testcase> <!-- invalidChangePassword -->
</testsuite> <!-- com.test.MyAccount -->
