<?xml version="1.0" encoding="UTF-8"?>
<!-- Generated by org.testng.reporters.JUnitReportReporter -->
<testsuite hostname="Bharadwaj-B6DD2G2" failures="0" tests="3" name="com.test.Login" time="39.752" errors="0" timestamp="2023-10-10T11:49:50 IST" skipped="0">
  <testcase classname="com.test.Login" name="ValidLoginTC_001" time="4.352"/>
  <testcase classname="com.test.Login" name="INValidLoginTC_002" time="25.116"/>
  <testcase classname="com.test.Login" name="LogoutTC_003" time="10.284"/>
</testsuite> <!-- com.test.Login -->
